<?xml version="1.0" encoding="UTF-8"?>
<!-- Generated by org.testng.reporters.JUnitReportReporter -->
<testsuite hostname="LAPTOP-UN0G5FL5" failures="0" tests="1" name="tests.LoginTest" time="9.324" errors="0" timestamp="2023-12-07T11:55:48 IST" skipped="0">
  <testcase classname="tests.LoginTest" name="openBrowser" time="9.324"/>
  <system-out/>
</testsuite> <!-- tests.LoginTest -->
